<?xml version="1.0" encoding="UTF-8"?>
<!-- Generated by org.testng.reporters.JUnitReportReporter -->
<testsuite hostname="WINCTRL-4UEBGKU" name="com.ranford.RABP.testsuites.BP_TS8_validateBranchesEntryReset" tests="1" failures="0" timestamp="1 Dec 2015 02:15:50 GMT" time="55.816" errors="0">
  <testcase name="testCase" time="55.816" classname="com.ranford.RABP.testsuites.BP_TS8_validateBranchesEntryReset"/>
</testsuite> <!-- com.ranford.RABP.testsuites.BP_TS8_validateBranchesEntryReset -->
