<?xml version="1.0" encoding="UTF-8"?>
<!-- Generated by org.testng.reporters.JUnitReportReporter -->
<testsuite hostname="WINCTRL-4UEBGKU" name="com.ranford.RABP.testsuites.BP_TS1_ValidateBranches" tests="1" failures="0" timestamp="1 Dec 2015 13:24:05 GMT" time="23.450" errors="0">
  <testcase name="testCase" time="23.450" classname="com.ranford.RABP.testsuites.BP_TS1_ValidateBranches"/>
</testsuite> <!-- com.ranford.RABP.testsuites.BP_TS1_ValidateBranches -->
