<?xml version="1.0" encoding="UTF-8"?>
<!-- Generated by org.testng.reporters.JUnitReportReporter -->
<testsuite hostname="WINCTRL-4UEBGKU" name="com.ranford.sample.SuitesExecution" tests="1" failures="0" timestamp="20 Nov 2015 09:59:02 GMT" time="299.320" errors="0">
  <testcase name="f" time="299.320" classname="com.ranford.sample.SuitesExecution"/>
</testsuite> <!-- com.ranford.sample.SuitesExecution -->
