<?xml version="1.0" encoding="UTF-8"?>
<!-- Generated by org.testng.reporters.JUnitReportReporter -->
<testsuite hostname="WINCTRL-4UEBGKU" name="com.ranford.RABP.testsuites.BP_TS10_validateNewBranchesHome" tests="1" failures="0" timestamp="20 Nov 2015 09:59:02 GMT" time="19.755" errors="0">
  <testcase name="testCase" time="19.755" classname="com.ranford.RABP.testsuites.BP_TS10_validateNewBranchesHome"/>
</testsuite> <!-- com.ranford.RABP.testsuites.BP_TS10_validateNewBranchesHome -->
