<?xml version="1.0" encoding="UTF-8"?>
<!-- Generated by org.testng.reporters.JUnitReportReporter -->
<testsuite hostname="WINCTRL-4UEBGKU" name="sample.WebTable" tests="1" failures="0" timestamp="26 Nov 2015 09:06:47 GMT" time="59.858" errors="0">
  <testcase name="f" time="59.858" classname="sample.WebTable"/>
</testsuite> <!-- sample.WebTable -->
